This file contains any messages produced by compilers while
running configure, to aid debugging if configure makes a mistake.

It was created by libmpeg2 configure 0.5.1, which was
generated by GNU Autoconf 2.71.  Invocation command line was

  $ ./configure

## --------- ##
## Platform. ##
## --------- ##

hostname = antoine-zenbookux450fdxux450fdx
uname -m = x86_64
uname -r = 5.15.78-1-MANJARO
uname -s = Linux
uname -v = #1 SMP PREEMPT Thu Nov 10 20:50:09 UTC 2022

/usr/bin/uname -p = unknown
/bin/uname -X     = unknown

/bin/arch              = unknown
/usr/bin/arch -k       = unknown
/usr/convex/getsysinfo = unknown
/usr/bin/hostinfo      = unknown
/bin/machine           = unknown
/usr/bin/oslevel       = unknown
/bin/universe          = unknown

PATH: /home/antoinea/.local/bin/
PATH: /usr/local/sbin/
PATH: /usr/local/bin/
PATH: /usr/bin/
PATH: /opt/cuda/bin/
PATH: /opt/cuda/nsight_compute/
PATH: /opt/cuda/nsight_systems/bin/
PATH: /usr/lib/jvm/default/bin/
PATH: /usr/bin/site_perl/
PATH: /usr/bin/vendor_perl/
PATH: /usr/bin/core_perl/
PATH: /var/lib/snapd/snap/bin/


## ----------- ##
## Core tests. ##
## ----------- ##

configure:2737: looking for aux files: ltmain.sh compile missing install-sh config.guess config.sub
configure:2750:  trying ./.auto/
configure:2779:   ./.auto/ltmain.sh found
configure:2779:   ./.auto/compile found
configure:2779:   ./.auto/missing found
configure:2761:   ./.auto/install-sh found
configure:2779:   ./.auto/config.guess found
configure:2779:   ./.auto/config.sub found
configure:2904: checking build system type
configure:2919: result: x86_64-pc-linux-gnu
configure:2939: checking host system type
configure:2953: result: x86_64-pc-linux-gnu
configure:2991: checking for a BSD-compatible install
configure:3064: result: /usr/bin/install -c
configure:3075: checking whether build environment is sane
configure:3130: result: yes
configure:3289: checking for a race-free mkdir -p
configure:3333: result: /usr/bin/mkdir -p
configure:3340: checking for gawk
configure:3361: found /usr/bin/gawk
configure:3372: result: gawk
configure:3383: checking whether make sets $(MAKE)
configure:3406: result: yes
configure:3436: checking whether make supports nested variables
configure:3454: result: yes
configure:3591: checking whether to enable maintainer-specific portions of Makefiles
configure:3601: result: no
configure:3677: checking for gcc
configure:3698: found /usr/bin/gcc
configure:3709: result: gcc
configure:4062: checking for C compiler version
configure:4071: gcc --version >&5
gcc (GCC) 12.2.0
Copyright (C) 2022 Free Software Foundation, Inc.
This is free software; see the source for copying conditions.  There is NO
warranty; not even for MERCHANTABILITY or FITNESS FOR A PARTICULAR PURPOSE.

configure:4082: $? = 0
configure:4071: gcc -v >&5
Using built-in specs.
COLLECT_GCC=gcc
COLLECT_LTO_WRAPPER=/usr/lib/gcc/x86_64-pc-linux-gnu/12.2.0/lto-wrapper
Target: x86_64-pc-linux-gnu
Configured with: /build/gcc/src/gcc/configure --enable-languages=c,c++,ada,fortran,go,lto,objc,obj-c++,d --enable-bootstrap --prefix=/usr --libdir=/usr/lib --libexecdir=/usr/lib --mandir=/usr/share/man --infodir=/usr/share/info --with-bugurl=https://bugs.archlinux.org/ --with-build-config=bootstrap-lto --with-linker-hash-style=gnu --with-system-zlib --enable-__cxa_atexit --enable-cet=auto --enable-checking=release --enable-clocale=gnu --enable-default-pie --enable-default-ssp --enable-gnu-indirect-function --enable-gnu-unique-object --enable-libstdcxx-backtrace --enable-link-serialization=1 --enable-linker-build-id --enable-lto --enable-multilib --enable-plugin --enable-shared --enable-threads=posix --disable-libssp --disable-libstdcxx-pch --disable-werror
Thread model: posix
Supported LTO compression algorithms: zlib zstd
gcc version 12.2.0 (GCC) 
configure:4082: $? = 0
configure:4071: gcc -V >&5
gcc: error: unrecognized command-line option '-V'
gcc: fatal error: no input files
compilation terminated.
configure:4082: $? = 1
configure:4071: gcc -qversion >&5
gcc: error: unrecognized command-line option '-qversion'; did you mean '--version'?
gcc: fatal error: no input files
compilation terminated.
configure:4082: $? = 1
configure:4071: gcc -version >&5
gcc: error: unrecognized command-line option '-version'
gcc: fatal error: no input files
compilation terminated.
configure:4082: $? = 1
configure:4102: checking whether the C compiler works
configure:4124: gcc    conftest.c  >&5
configure:4128: $? = 0
configure:4178: result: yes
configure:4181: checking for C compiler default output file name
configure:4183: result: a.out
configure:4189: checking for suffix of executables
configure:4196: gcc -o conftest    conftest.c  >&5
configure:4200: $? = 0
configure:4223: result: 
configure:4245: checking whether we are cross compiling
configure:4253: gcc -o conftest    conftest.c  >&5
configure:4257: $? = 0
configure:4264: ./conftest
configure:4268: $? = 0
configure:4283: result: no
configure:4288: checking for suffix of object files
configure:4311: gcc -c   conftest.c >&5
configure:4315: $? = 0
configure:4337: result: o
configure:4341: checking whether the compiler supports GNU C
configure:4361: gcc -c   conftest.c >&5
configure:4361: $? = 0
configure:4371: result: yes
configure:4382: checking whether gcc accepts -g
configure:4403: gcc -c -g  conftest.c >&5
configure:4403: $? = 0
configure:4447: result: yes
configure:4467: checking for gcc option to enable C11 features
configure:4482: gcc  -c -g -O2  conftest.c >&5
configure:4482: $? = 0
configure:4500: result: none needed
configure:4616: checking whether gcc understands -c and -o together
configure:4639: gcc -c conftest.c -o conftest2.o
configure:4642: $? = 0
configure:4639: gcc -c conftest.c -o conftest2.o
configure:4642: $? = 0
configure:4654: result: yes
configure:4674: checking whether make supports the include directive
configure:4689: make -f confmf.GNU && cat confinc.out
this is the am__doit target
configure:4692: $? = 0
configure:4711: result: yes (GNU style)
configure:4737: checking dependency style of gcc
configure:4849: result: gcc3
configure:4870: checking how to run the C preprocessor
configure:4896: gcc -E  conftest.c
configure:4896: $? = 0
configure:4911: gcc -E  conftest.c
conftest.c:11:10: fatal error: ac_nonexistent.h: No such file or directory
   11 | #include <ac_nonexistent.h>
      |          ^~~~~~~~~~~~~~~~~~
compilation terminated.
configure:4911: $? = 1
configure: failed program was:
| /* confdefs.h */
| #define PACKAGE_NAME "libmpeg2"
| #define PACKAGE_TARNAME "libmpeg2"
| #define PACKAGE_VERSION "0.5.1"
| #define PACKAGE_STRING "libmpeg2 0.5.1"
| #define PACKAGE_BUGREPORT ""
| #define PACKAGE_URL ""
| #define PACKAGE "libmpeg2"
| #define VERSION "0.5.1"
| /* end confdefs.h.  */
| #include <ac_nonexistent.h>
configure:4938: result: gcc -E
configure:4952: gcc -E  conftest.c
configure:4952: $? = 0
configure:4967: gcc -E  conftest.c
conftest.c:11:10: fatal error: ac_nonexistent.h: No such file or directory
   11 | #include <ac_nonexistent.h>
      |          ^~~~~~~~~~~~~~~~~~
compilation terminated.
configure:4967: $? = 1
configure: failed program was:
| /* confdefs.h */
| #define PACKAGE_NAME "libmpeg2"
| #define PACKAGE_TARNAME "libmpeg2"
| #define PACKAGE_VERSION "0.5.1"
| #define PACKAGE_STRING "libmpeg2 0.5.1"
| #define PACKAGE_BUGREPORT ""
| #define PACKAGE_URL ""
| #define PACKAGE "libmpeg2"
| #define VERSION "0.5.1"
| /* end confdefs.h.  */
| #include <ac_nonexistent.h>
configure:4998: checking for grep that handles long lines and -e
configure:5062: result: /usr/bin/grep
configure:5067: checking for egrep
configure:5135: result: /usr/bin/grep -E
configure:5141: checking whether gcc needs -traditional
configure:5178: result: no
configure:5194: checking dependency style of gcc
configure:5304: result: gcc3
configure:5324: checking for stdio.h
configure:5324: gcc -c -g -O2  conftest.c >&5
configure:5324: $? = 0
configure:5324: result: yes
configure:5324: checking for stdlib.h
configure:5324: gcc -c -g -O2  conftest.c >&5
configure:5324: $? = 0
configure:5324: result: yes
configure:5324: checking for string.h
configure:5324: gcc -c -g -O2  conftest.c >&5
configure:5324: $? = 0
configure:5324: result: yes
configure:5324: checking for inttypes.h
configure:5324: gcc -c -g -O2  conftest.c >&5
configure:5324: $? = 0
configure:5324: result: yes
configure:5324: checking for stdint.h
configure:5324: gcc -c -g -O2  conftest.c >&5
configure:5324: $? = 0
configure:5324: result: yes
configure:5324: checking for strings.h
configure:5324: gcc -c -g -O2  conftest.c >&5
configure:5324: $? = 0
configure:5324: result: yes
configure:5324: checking for sys/stat.h
configure:5324: gcc -c -g -O2  conftest.c >&5
configure:5324: $? = 0
configure:5324: result: yes
configure:5324: checking for sys/types.h
configure:5324: gcc -c -g -O2  conftest.c >&5
configure:5324: $? = 0
configure:5324: result: yes
configure:5324: checking for unistd.h
configure:5324: gcc -c -g -O2  conftest.c >&5
configure:5324: $? = 0
configure:5324: result: yes
configure:5324: checking for sys/time.h
configure:5324: gcc -c -g -O2  conftest.c >&5
configure:5324: $? = 0
configure:5324: result: yes
configure:5349: checking for sys/time.h
configure:5349: result: yes
configure:5355: checking for time.h
configure:5355: gcc -c -g -O2  conftest.c >&5
configure:5355: $? = 0
configure:5355: result: yes
configure:5361: checking for sys/timeb.h
configure:5361: gcc -c -g -O2  conftest.c >&5
configure:5361: $? = 0
configure:5361: result: yes
configure:5367: checking for io.h
configure:5367: gcc -c -g -O2  conftest.c >&5
conftest.c:53:10: fatal error: io.h: No such file or directory
   53 | #include <io.h>
      |          ^~~~~~
compilation terminated.
configure:5367: $? = 1
configure: failed program was:
| /* confdefs.h */
| #define PACKAGE_NAME "libmpeg2"
| #define PACKAGE_TARNAME "libmpeg2"
| #define PACKAGE_VERSION "0.5.1"
| #define PACKAGE_STRING "libmpeg2 0.5.1"
| #define PACKAGE_BUGREPORT ""
| #define PACKAGE_URL ""
| #define PACKAGE "libmpeg2"
| #define VERSION "0.5.1"
| #define HAVE_STDIO_H 1
| #define HAVE_STDLIB_H 1
| #define HAVE_STRING_H 1
| #define HAVE_INTTYPES_H 1
| #define HAVE_STDINT_H 1
| #define HAVE_STRINGS_H 1
| #define HAVE_SYS_STAT_H 1
| #define HAVE_SYS_TYPES_H 1
| #define HAVE_UNISTD_H 1
| #define HAVE_SYS_TIME_H 1
| #define STDC_HEADERS 1
| #define HAVE_SYS_TIME_H 1
| #define HAVE_TIME_H 1
| #define HAVE_SYS_TIMEB_H 1
| /* end confdefs.h.  */
| #include <stddef.h>
| #ifdef HAVE_STDIO_H
| # include <stdio.h>
| #endif
| #ifdef HAVE_STDLIB_H
| # include <stdlib.h>
| #endif
| #ifdef HAVE_STRING_H
| # include <string.h>
| #endif
| #ifdef HAVE_INTTYPES_H
| # include <inttypes.h>
| #endif
| #ifdef HAVE_STDINT_H
| # include <stdint.h>
| #endif
| #ifdef HAVE_STRINGS_H
| # include <strings.h>
| #endif
| #ifdef HAVE_SYS_TYPES_H
| # include <sys/types.h>
| #endif
| #ifdef HAVE_SYS_STAT_H
| # include <sys/stat.h>
| #endif
| #ifdef HAVE_UNISTD_H
| # include <unistd.h>
| #endif
| #include <io.h>
configure:5367: result: no
configure:5383: checking if gcc supports  -Wall -Wpointer-arith -Wcast-align -Wcast-qual -Wstrict-prototypes -Wshadow -Waggregate-return -Wmissing-prototypes -Wnested-externs -Wsign-compare -g -O2 flags
configure:5398: gcc -c  -Wall -Wpointer-arith -Wcast-align -Wcast-qual -Wstrict-prototypes -Wshadow -Waggregate-return -Wmissing-prototypes -Wnested-externs -Wsign-compare -g -O2  conftest.c >&5
configure:5398: $? = 0
configure:5406: result: yes
configure:5418: checking if gcc supports  -Wall -Wpointer-arith -Wcast-align -Wcast-qual -Wstrict-prototypes -Wshadow -Waggregate-return -Wmissing-prototypes -Wnested-externs -Wsign-compare -g  -O3 flags
configure:5433: gcc -c  -Wall -Wpointer-arith -Wcast-align -Wcast-qual -Wstrict-prototypes -Wshadow -Waggregate-return -Wmissing-prototypes -Wnested-externs -Wsign-compare -g  -O3  conftest.c >&5
configure:5433: $? = 0
configure:5441: result: yes
configure:5461: checking if gcc supports  -Wall -Wpointer-arith -Wcast-align -Wcast-qual -Wstrict-prototypes -Wshadow -Waggregate-return -Wmissing-prototypes -Wnested-externs -Wsign-compare -g  -O3 -fomit-frame-pointer -g -O2 flags
configure:5476: gcc -c  -Wall -Wpointer-arith -Wcast-align -Wcast-qual -Wstrict-prototypes -Wshadow -Waggregate-return -Wmissing-prototypes -Wnested-externs -Wsign-compare -g  -O3 -fomit-frame-pointer -g -O2  conftest.c >&5
configure:5476: $? = 0
configure:5484: result: yes
configure:5494: checking if gcc supports  -Wall -Wpointer-arith -Wcast-align -Wcast-qual -Wstrict-prototypes -Wshadow -Waggregate-return -Wmissing-prototypes -Wnested-externs -Wsign-compare -g  -O3 -fomit-frame-pointer -fno-common -g -O2 flags
configure:5509: gcc -c  -Wall -Wpointer-arith -Wcast-align -Wcast-qual -Wstrict-prototypes -Wshadow -Waggregate-return -Wmissing-prototypes -Wnested-externs -Wsign-compare -g  -O3 -fomit-frame-pointer -fno-common -g -O2  conftest.c >&5
configure:5509: $? = 0
configure:5517: result: yes
configure:5538: checking if gcc supports  -Wall -Wpointer-arith -Wcast-align -Wcast-qual -Wstrict-prototypes -Wshadow -Waggregate-return -Wmissing-prototypes -Wnested-externs -Wsign-compare -g  -O3 -fomit-frame-pointer -fno-common -g -O2 flags
configure:5553: gcc -c  -Wall -Wpointer-arith -Wcast-align -Wcast-qual -Wstrict-prototypes -Wshadow -Waggregate-return -Wmissing-prototypes -Wnested-externs -Wsign-compare -g  -O3 -fomit-frame-pointer -fno-common -g -O2  conftest.c >&5
configure:5553: $? = 0
configure:5561: result: yes
configure:6133: checking how to print strings
configure:6160: result: printf
configure:6181: checking for a sed that does not truncate output
configure:6251: result: /usr/bin/sed
configure:6269: checking for fgrep
configure:6337: result: /usr/bin/grep -F
configure:6373: checking for ld used by gcc
configure:6441: result: /usr/bin/ld
configure:6448: checking if the linker (/usr/bin/ld) is GNU ld
configure:6464: result: yes
configure:6476: checking for BSD- or MS-compatible name lister (nm)
configure:6531: result: /usr/bin/nm -B
configure:6671: checking the name lister (/usr/bin/nm -B) interface
configure:6679: gcc -c -g -O2  conftest.c >&5
configure:6682: /usr/bin/nm -B "conftest.o"
configure:6685: output
0000000000000000 B some_variable
configure:6692: result: BSD nm
configure:6695: checking whether ln -s works
configure:6699: result: yes
configure:6707: checking the maximum length of command line arguments
configure:6839: result: 1572864
configure:6887: checking how to convert x86_64-pc-linux-gnu file names to x86_64-pc-linux-gnu format
configure:6928: result: func_convert_file_noop
configure:6935: checking how to convert x86_64-pc-linux-gnu file names to toolchain format
configure:6956: result: func_convert_file_noop
configure:6963: checking for /usr/bin/ld option to reload object files
configure:6971: result: -r
configure:7050: checking for file
configure:7071: found /usr/bin/file
configure:7082: result: file
configure:7158: checking for objdump
configure:7190: result: objdump
configure:7219: checking how to recognize dependent libraries
configure:7420: result: pass_all
configure:7510: checking for dlltool
configure:7542: result: dlltool
configure:7572: checking how to associate runtime and link libraries
configure:7600: result: printf %s\n
configure:7665: checking for ar
configure:7686: found /usr/bin/ar
configure:7697: result: ar
configure:7750: checking for archiver @FILE support
configure:7768: gcc -c -g -O2  conftest.c >&5
configure:7768: $? = 0
configure:7772: ar cr libconftest.a @conftest.lst >&5
configure:7775: $? = 0
configure:7780: ar cr libconftest.a @conftest.lst >&5
ar: conftest.o: No such file or directory
configure:7783: $? = 1
configure:7795: result: @
configure:7858: checking for strip
configure:7879: found /usr/bin/strip
configure:7890: result: strip
configure:7967: checking for ranlib
configure:7988: found /usr/bin/ranlib
configure:7999: result: ranlib
configure:8101: checking command to parse /usr/bin/nm -B output from gcc object
configure:8255: gcc -c -g -O2  conftest.c >&5
configure:8258: $? = 0
configure:8262: /usr/bin/nm -B conftest.o \| /usr/bin/sed -n -e 's/^.*[ ]\([ABCDGIRSTW][ABCDGIRSTW]*\)[ ][ ]*\([_A-Za-z][_A-Za-z0-9]*\)$/\1 \2 \2/p' | /usr/bin/sed '/ __gnu_lto/d' \> conftest.nm
configure:8265: $? = 0
configure:8331: gcc -o conftest -g -O2   conftest.c conftstm.o >&5
configure:8334: $? = 0
configure:8372: result: ok
configure:8419: checking for sysroot
configure:8450: result: no
configure:8457: checking for a working dd
configure:8501: result: /usr/bin/dd
configure:8505: checking how to truncate binary pipes
configure:8521: result: /usr/bin/dd bs=4096 count=1
configure:8658: gcc -c -g -O2  conftest.c >&5
configure:8661: $? = 0
configure:8858: checking for mt
configure:8893: result: no
configure:8913: checking if : is a manifest tool
configure:8920: : '-?'
configure:8928: result: no
configure:9649: checking for dlfcn.h
configure:9649: gcc -c -g -O2  conftest.c >&5
configure:9649: $? = 0
configure:9649: result: yes
configure:9906: checking for objdir
configure:9922: result: .libs
configure:10186: checking if gcc supports -fno-rtti -fno-exceptions
configure:10205: gcc -c -g -O2  -fno-rtti -fno-exceptions conftest.c >&5
cc1: warning: command-line option '-fno-rtti' is valid for C++/D/ObjC++ but not for C
configure:10209: $? = 0
configure:10222: result: no
configure:10580: checking for gcc option to produce PIC
configure:10588: result: -fPIC -DPIC
configure:10596: checking if gcc PIC flag -fPIC -DPIC works
configure:10615: gcc -c -g -O2  -fPIC -DPIC -DPIC conftest.c >&5
configure:10619: $? = 0
configure:10632: result: yes
configure:10661: checking if gcc static flag -static works
configure:10690: result: yes
configure:10705: checking if gcc supports -c -o file.o
configure:10727: gcc -c -g -O2  -o out/conftest2.o conftest.c >&5
configure:10731: $? = 0
configure:10753: result: yes
configure:10761: checking if gcc supports -c -o file.o
configure:10809: result: yes
configure:10842: checking whether the gcc linker (/usr/bin/ld -m elf_x86_64) supports shared libraries
configure:12110: result: yes
configure:12147: checking whether -lc should be explicitly linked in
configure:12156: gcc -c -g -O2  conftest.c >&5
configure:12159: $? = 0
configure:12174: gcc -shared  -fPIC -DPIC conftest.o  -v -Wl,-soname -Wl,conftest -o conftest 2\>\&1 \| /usr/bin/grep  -lc  \>/dev/null 2\>\&1
configure:12177: $? = 0
configure:12191: result: no
configure:12351: checking dynamic linker characteristics
configure:12933: gcc -o conftest -g -O2   -Wl,-rpath -Wl,/foo conftest.c  >&5
configure:12933: $? = 0
configure:13172: result: GNU/Linux ld.so
configure:13294: checking how to hardcode library paths into programs
configure:13319: result: immediate
configure:13871: checking whether stripping libraries is possible
configure:13880: result: yes
configure:13922: checking if libtool supports shared libraries
configure:13924: result: yes
configure:13927: checking whether to build shared libraries
configure:13952: result: yes
configure:13955: checking whether to build static libraries
configure:13959: result: yes
configure:14010: checking for struct timeval
configure:14010: gcc -c -g -O2  conftest.c >&5
configure:14010: $? = 0
configure:14010: gcc -c -g -O2  conftest.c >&5
conftest.c: In function 'main':
conftest.c:35:29: error: expected expression before ')' token
   35 | if (sizeof ((struct timeval)))
      |                             ^
configure:14010: $? = 1
configure: failed program was:
| /* confdefs.h */
| #define PACKAGE_NAME "libmpeg2"
| #define PACKAGE_TARNAME "libmpeg2"
| #define PACKAGE_VERSION "0.5.1"
| #define PACKAGE_STRING "libmpeg2 0.5.1"
| #define PACKAGE_BUGREPORT ""
| #define PACKAGE_URL ""
| #define PACKAGE "libmpeg2"
| #define VERSION "0.5.1"
| #define HAVE_STDIO_H 1
| #define HAVE_STDLIB_H 1
| #define HAVE_STRING_H 1
| #define HAVE_INTTYPES_H 1
| #define HAVE_STDINT_H 1
| #define HAVE_STRINGS_H 1
| #define HAVE_SYS_STAT_H 1
| #define HAVE_SYS_TYPES_H 1
| #define HAVE_UNISTD_H 1
| #define HAVE_SYS_TIME_H 1
| #define STDC_HEADERS 1
| #define HAVE_SYS_TIME_H 1
| #define HAVE_TIME_H 1
| #define HAVE_SYS_TIMEB_H 1
| #define ARCH_X86 /**/
| #define HAVE_DLFCN_H 1
| #define LT_OBJDIR ".libs/"
| #define TIME_WITH_SYS_TIME 1
| /* end confdefs.h.  */
| #include <sys/time.h>
|     #include <time.h>
| 
| int
| main (void)
| {
| if (sizeof ((struct timeval)))
| 	    return 0;
|   ;
|   return 0;
| }
configure:14010: result: yes
configure:14022: checking for inttypes.h
configure:14022: result: yes
configure:14468: checking for an ANSI C-conforming const
configure:14535: gcc -c -g -O2  conftest.c >&5
configure:14535: $? = 0
configure:14543: result: yes
configure:14551: checking for inline
configure:14568: gcc -c -g -O2  conftest.c >&5
configure:14568: $? = 0
configure:14577: result: inline
configure:14596: checking for always_inline
configure:14614: gcc -c -g -O2 -Wall -Werror  conftest.c >&5
configure:14614: $? = 0
configure:14622: result: yes
configure:14629: checking for restrict
configure:14644: gcc -c -g -O2  conftest.c >&5
configure:14644: $? = 0
configure:14650: result: restrict
configure:14660: checking for __builtin_expect
configure:14676: gcc -g -O2 -nostdlib -nostartfiles
            -o conftest conftest.c -lgcc >&5
/usr/bin/ld: warning: cannot find entry symbol _start; defaulting to 0000000000001000
configure:14679: $? = 0
configure:14687: result: yes
configure:14694: checking whether byte ordering is bigendian
configure:14710: gcc -c -g -O2  conftest.c >&5
conftest.c:33:16: error: unknown type name 'not'
   33 |                not a universal capable compiler
      |                ^~~
conftest.c:33:22: error: expected '=', ',', ';', 'asm' or '__attribute__' before 'universal'
   33 |                not a universal capable compiler
      |                      ^~~~~~~~~
conftest.c:33:22: error: unknown type name 'universal'
configure:14710: $? = 1
configure: failed program was:
| /* confdefs.h */
| #define PACKAGE_NAME "libmpeg2"
| #define PACKAGE_TARNAME "libmpeg2"
| #define PACKAGE_VERSION "0.5.1"
| #define PACKAGE_STRING "libmpeg2 0.5.1"
| #define PACKAGE_BUGREPORT ""
| #define PACKAGE_URL ""
| #define PACKAGE "libmpeg2"
| #define VERSION "0.5.1"
| #define HAVE_STDIO_H 1
| #define HAVE_STDLIB_H 1
| #define HAVE_STRING_H 1
| #define HAVE_INTTYPES_H 1
| #define HAVE_STDINT_H 1
| #define HAVE_STRINGS_H 1
| #define HAVE_SYS_STAT_H 1
| #define HAVE_SYS_TYPES_H 1
| #define HAVE_UNISTD_H 1
| #define HAVE_SYS_TIME_H 1
| #define STDC_HEADERS 1
| #define HAVE_SYS_TIME_H 1
| #define HAVE_TIME_H 1
| #define HAVE_SYS_TIMEB_H 1
| #define ARCH_X86 /**/
| #define HAVE_DLFCN_H 1
| #define LT_OBJDIR ".libs/"
| #define TIME_WITH_SYS_TIME 1
| #define HAVE_STRUCT_TIMEVAL 1
| #define inline __attribute__ ((__always_inline__))
| #define HAVE_BUILTIN_EXPECT /**/
| /* end confdefs.h.  */
| #ifndef __APPLE_CC__
| 	       not a universal capable compiler
| 	     #endif
| 	     typedef int dummy;
| 
configure:14756: gcc -c -g -O2  conftest.c >&5
configure:14756: $? = 0
configure:14775: gcc -c -g -O2  conftest.c >&5
conftest.c: In function 'main':
conftest.c:39:18: error: unknown type name 'not'; did you mean 'ino_t'?
   39 |                  not big endian
      |                  ^~~
      |                  ino_t
conftest.c:39:26: error: expected '=', ',', ';', 'asm' or '__attribute__' before 'endian'
   39 |                  not big endian
      |                          ^~~~~~
configure:14775: $? = 1
configure: failed program was:
| /* confdefs.h */
| #define PACKAGE_NAME "libmpeg2"
| #define PACKAGE_TARNAME "libmpeg2"
| #define PACKAGE_VERSION "0.5.1"
| #define PACKAGE_STRING "libmpeg2 0.5.1"
| #define PACKAGE_BUGREPORT ""
| #define PACKAGE_URL ""
| #define PACKAGE "libmpeg2"
| #define VERSION "0.5.1"
| #define HAVE_STDIO_H 1
| #define HAVE_STDLIB_H 1
| #define HAVE_STRING_H 1
| #define HAVE_INTTYPES_H 1
| #define HAVE_STDINT_H 1
| #define HAVE_STRINGS_H 1
| #define HAVE_SYS_STAT_H 1
| #define HAVE_SYS_TYPES_H 1
| #define HAVE_UNISTD_H 1
| #define HAVE_SYS_TIME_H 1
| #define STDC_HEADERS 1
| #define HAVE_SYS_TIME_H 1
| #define HAVE_TIME_H 1
| #define HAVE_SYS_TIMEB_H 1
| #define ARCH_X86 /**/
| #define HAVE_DLFCN_H 1
| #define LT_OBJDIR ".libs/"
| #define TIME_WITH_SYS_TIME 1
| #define HAVE_STRUCT_TIMEVAL 1
| #define inline __attribute__ ((__always_inline__))
| #define HAVE_BUILTIN_EXPECT /**/
| /* end confdefs.h.  */
| #include <sys/types.h>
| 		#include <sys/param.h>
| 
| int
| main (void)
| {
| #if BYTE_ORDER != BIG_ENDIAN
| 		 not big endian
| 		#endif
| 
|   ;
|   return 0;
| }
configure:14909: result: no
configure:14927: checking for working volatile
configure:14947: gcc -c -g -O2  conftest.c >&5
configure:14947: $? = 0
configure:14955: result: yes
configure:14963: checking for size_t
configure:14963: gcc -c -g -O2  conftest.c >&5
configure:14963: $? = 0
configure:14963: gcc -c -g -O2  conftest.c >&5
conftest.c: In function 'main':
conftest.c:63:21: error: expected expression before ')' token
   63 | if (sizeof ((size_t)))
      |                     ^
configure:14963: $? = 1
configure: failed program was:
| /* confdefs.h */
| #define PACKAGE_NAME "libmpeg2"
| #define PACKAGE_TARNAME "libmpeg2"
| #define PACKAGE_VERSION "0.5.1"
| #define PACKAGE_STRING "libmpeg2 0.5.1"
| #define PACKAGE_BUGREPORT ""
| #define PACKAGE_URL ""
| #define PACKAGE "libmpeg2"
| #define VERSION "0.5.1"
| #define HAVE_STDIO_H 1
| #define HAVE_STDLIB_H 1
| #define HAVE_STRING_H 1
| #define HAVE_INTTYPES_H 1
| #define HAVE_STDINT_H 1
| #define HAVE_STRINGS_H 1
| #define HAVE_SYS_STAT_H 1
| #define HAVE_SYS_TYPES_H 1
| #define HAVE_UNISTD_H 1
| #define HAVE_SYS_TIME_H 1
| #define STDC_HEADERS 1
| #define HAVE_SYS_TIME_H 1
| #define HAVE_TIME_H 1
| #define HAVE_SYS_TIMEB_H 1
| #define ARCH_X86 /**/
| #define HAVE_DLFCN_H 1
| #define LT_OBJDIR ".libs/"
| #define TIME_WITH_SYS_TIME 1
| #define HAVE_STRUCT_TIMEVAL 1
| #define inline __attribute__ ((__always_inline__))
| #define HAVE_BUILTIN_EXPECT /**/
| /* end confdefs.h.  */
| #include <stddef.h>
| #ifdef HAVE_STDIO_H
| # include <stdio.h>
| #endif
| #ifdef HAVE_STDLIB_H
| # include <stdlib.h>
| #endif
| #ifdef HAVE_STRING_H
| # include <string.h>
| #endif
| #ifdef HAVE_INTTYPES_H
| # include <inttypes.h>
| #endif
| #ifdef HAVE_STDINT_H
| # include <stdint.h>
| #endif
| #ifdef HAVE_STRINGS_H
| # include <strings.h>
| #endif
| #ifdef HAVE_SYS_TYPES_H
| # include <sys/types.h>
| #endif
| #ifdef HAVE_SYS_STAT_H
| # include <sys/stat.h>
| #endif
| #ifdef HAVE_UNISTD_H
| # include <unistd.h>
| #endif
| int
| main (void)
| {
| if (sizeof ((size_t)))
| 	    return 0;
|   ;
|   return 0;
| }
configure:14963: result: yes
configure:14973: checking return type of signal handlers
configure:14992: gcc -c -g -O2  conftest.c >&5
conftest.c: In function 'main':
conftest.c:38:10: error: void value not ignored as it ought to be
   38 | return *(signal (0, 0)) (0) == 1;
      |         ~^~~~~~~~~~~~~~~~~~
configure:14992: $? = 1
configure: failed program was:
| /* confdefs.h */
| #define PACKAGE_NAME "libmpeg2"
| #define PACKAGE_TARNAME "libmpeg2"
| #define PACKAGE_VERSION "0.5.1"
| #define PACKAGE_STRING "libmpeg2 0.5.1"
| #define PACKAGE_BUGREPORT ""
| #define PACKAGE_URL ""
| #define PACKAGE "libmpeg2"
| #define VERSION "0.5.1"
| #define HAVE_STDIO_H 1
| #define HAVE_STDLIB_H 1
| #define HAVE_STRING_H 1
| #define HAVE_INTTYPES_H 1
| #define HAVE_STDINT_H 1
| #define HAVE_STRINGS_H 1
| #define HAVE_SYS_STAT_H 1
| #define HAVE_SYS_TYPES_H 1
| #define HAVE_UNISTD_H 1
| #define HAVE_SYS_TIME_H 1
| #define STDC_HEADERS 1
| #define HAVE_SYS_TIME_H 1
| #define HAVE_TIME_H 1
| #define HAVE_SYS_TIMEB_H 1
| #define ARCH_X86 /**/
| #define HAVE_DLFCN_H 1
| #define LT_OBJDIR ".libs/"
| #define TIME_WITH_SYS_TIME 1
| #define HAVE_STRUCT_TIMEVAL 1
| #define inline __attribute__ ((__always_inline__))
| #define HAVE_BUILTIN_EXPECT /**/
| /* end confdefs.h.  */
| #include <sys/types.h>
| #include <signal.h>
| 
| int
| main (void)
| {
| return *(signal (0, 0)) (0) == 1;
|   ;
|   return 0;
| }
configure:15000: result: void
configure:15014: checking for special C compiler options needed for large files
configure:15062: result: no
configure:15068: checking for _FILE_OFFSET_BITS value needed for large files
configure:15094: gcc -c -g -O2  conftest.c >&5
configure:15094: $? = 0
configure:15128: result: no
configure:15211: checking for gettimeofday
configure:15211: gcc -o conftest -g -O2   conftest.c  >&5
configure:15211: $? = 0
configure:15211: result: yes
configure:15217: checking for ftime
configure:15217: gcc -o conftest -g -O2   conftest.c  >&5
configure:15217: $? = 0
configure:15217: result: yes
configure:15262: checking for X
configure:15300: gcc -o conftest -g -O2   conftest.c -lX11  >&5
configure:15300: $? = 0
configure:15487: result: libraries , headers 
configure:15585: gcc -o conftest -g -O2   conftest.c   -lX11 >&5
configure:15585: $? = 0
configure:15684: checking for gethostbyname
configure:15684: gcc -o conftest -g -O2   conftest.c  >&5
configure:15684: $? = 0
configure:15684: result: yes
configure:15782: checking for connect
configure:15782: gcc -o conftest -g -O2   conftest.c  >&5
configure:15782: $? = 0
configure:15782: result: yes
configure:15832: checking for remove
configure:15832: gcc -o conftest -g -O2   conftest.c  >&5
configure:15832: $? = 0
configure:15832: result: yes
configure:15882: checking for shmat
configure:15882: gcc -o conftest -g -O2   conftest.c  >&5
configure:15882: $? = 0
configure:15882: result: yes
configure:15941: checking for IceConnectionNumber in -lICE
configure:15964: gcc -o conftest -g -O2   conftest.c -lICE   >&5
configure:15964: $? = 0
configure:15974: result: yes
configure:15986: checking for XShmCreateImage in -lXext
configure:16009: gcc -o conftest -g -O2   conftest.c -lXext  -lSM -lICE   -lX11  >&5
configure:16009: $? = 0
configure:16019: result: yes
configure:16028: checking for XvShmCreateImage in -lXv
configure:16051: gcc -o conftest -g -O2   conftest.c -lXv  -lSM -lICE   -lXext -lX11  >&5
configure:16051: $? = 0
configure:16061: result: yes
configure:16082: checking for ddraw.h
configure:16082: gcc -c -g -O2  conftest.c >&5
conftest.c:66:10: fatal error: ddraw.h: No such file or directory
   66 | #include <ddraw.h>
      |          ^~~~~~~~~
compilation terminated.
configure:16082: $? = 1
configure: failed program was:
| /* confdefs.h */
| #define PACKAGE_NAME "libmpeg2"
| #define PACKAGE_TARNAME "libmpeg2"
| #define PACKAGE_VERSION "0.5.1"
| #define PACKAGE_STRING "libmpeg2 0.5.1"
| #define PACKAGE_BUGREPORT ""
| #define PACKAGE_URL ""
| #define PACKAGE "libmpeg2"
| #define VERSION "0.5.1"
| #define HAVE_STDIO_H 1
| #define HAVE_STDLIB_H 1
| #define HAVE_STRING_H 1
| #define HAVE_INTTYPES_H 1
| #define HAVE_STDINT_H 1
| #define HAVE_STRINGS_H 1
| #define HAVE_SYS_STAT_H 1
| #define HAVE_SYS_TYPES_H 1
| #define HAVE_UNISTD_H 1
| #define HAVE_SYS_TIME_H 1
| #define STDC_HEADERS 1
| #define HAVE_SYS_TIME_H 1
| #define HAVE_TIME_H 1
| #define HAVE_SYS_TIMEB_H 1
| #define ARCH_X86 /**/
| #define HAVE_DLFCN_H 1
| #define LT_OBJDIR ".libs/"
| #define TIME_WITH_SYS_TIME 1
| #define HAVE_STRUCT_TIMEVAL 1
| #define inline __attribute__ ((__always_inline__))
| #define HAVE_BUILTIN_EXPECT /**/
| #define RETSIGTYPE void
| #define HAVE_GETTIMEOFDAY 1
| #define HAVE_FTIME 1
| #define ACCEL_DETECT /**/
| #define LIBVO_X11 /**/
| #define LIBVO_XV /**/
| /* end confdefs.h.  */
| #include <stddef.h>
| #ifdef HAVE_STDIO_H
| # include <stdio.h>
| #endif
| #ifdef HAVE_STDLIB_H
| # include <stdlib.h>
| #endif
| #ifdef HAVE_STRING_H
| # include <string.h>
| #endif
| #ifdef HAVE_INTTYPES_H
| # include <inttypes.h>
| #endif
| #ifdef HAVE_STDINT_H
| # include <stdint.h>
| #endif
| #ifdef HAVE_STRINGS_H
| # include <strings.h>
| #endif
| #ifdef HAVE_SYS_TYPES_H
| # include <sys/types.h>
| #endif
| #ifdef HAVE_SYS_STAT_H
| # include <sys/stat.h>
| #endif
| #ifdef HAVE_UNISTD_H
| # include <unistd.h>
| #endif
| #include <ddraw.h>
configure:16082: result: no
configure:16112: checking for sdl-config
configure:16147: result: no
configure:16226: checking __attribute__ ((aligned ())) support
configure:16254: gcc -c -g -O2 -Werror  conftest.c >&5
configure:16254: $? = 0
configure:16254: gcc -c -g -O2 -Werror  conftest.c >&5
configure:16254: $? = 0
configure:16254: gcc -c -g -O2 -Werror  conftest.c >&5
configure:16254: $? = 0
configure:16254: gcc -c -g -O2 -Werror  conftest.c >&5
configure:16254: $? = 0
configure:16254: gcc -c -g -O2 -Werror  conftest.c >&5
configure:16254: $? = 0
configure:16254: gcc -c -g -O2 -Werror  conftest.c >&5
configure:16254: $? = 0
configure:16261: result: 64
configure:16371: checking that generated files are newer than configure
configure:16377: result: done
configure:16413: creating ./config.status

## ---------------------- ##
## Running config.status. ##
## ---------------------- ##

This file was extended by libmpeg2 config.status 0.5.1, which was
generated by GNU Autoconf 2.71.  Invocation command line was

  CONFIG_FILES    = 
  CONFIG_HEADERS  = 
  CONFIG_LINKS    = 
  CONFIG_COMMANDS = 
  $ ./config.status 

on antoine-zenbookux450fdxux450fdx

config.status:1155: creating Makefile
config.status:1155: creating include/Makefile
config.status:1155: creating test/Makefile
config.status:1155: creating doc/Makefile
config.status:1155: creating src/Makefile
config.status:1155: creating libmpeg2/Makefile
config.status:1155: creating libmpeg2/convert/Makefile
config.status:1155: creating libvo/Makefile
config.status:1155: creating vc++/Makefile
config.status:1155: creating libmpeg2/libmpeg2.pc
config.status:1155: creating libmpeg2/convert/libmpeg2convert.pc
config.status:1155: creating include/config.h
config.status:1336: include/config.h is unchanged
config.status:1384: executing depfiles commands
config.status:1461: cd doc       && sed -e '/# am--include-marker/d' Makefile         | make -f - am--depfiles
make: Nothing to be done for 'am--depfiles'.
config.status:1466: $? = 0
config.status:1461: cd src       && sed -e '/# am--include-marker/d' Makefile         | make -f - am--depfiles
make: Nothing to be done for 'am--depfiles'.
config.status:1466: $? = 0
config.status:1461: cd libmpeg2       && sed -e '/# am--include-marker/d' Makefile         | make -f - am--depfiles
make: Nothing to be done for 'am--depfiles'.
config.status:1466: $? = 0
config.status:1461: cd libmpeg2/convert       && sed -e '/# am--include-marker/d' Makefile         | make -f - am--depfiles
make: Nothing to be done for 'am--depfiles'.
config.status:1466: $? = 0
config.status:1461: cd libvo       && sed -e '/# am--include-marker/d' Makefile         | make -f - am--depfiles
make: Nothing to be done for 'am--depfiles'.
config.status:1466: $? = 0
config.status:1384: executing libtool commands

## ---------------- ##
## Cache variables. ##
## ---------------- ##

ac_cv_always_inline=yes
ac_cv_build=x86_64-pc-linux-gnu
ac_cv_builtin_expect=yes
ac_cv_c_attr_align_try=64
ac_cv_c_attribute_aligned=64
ac_cv_c_bigendian=no
ac_cv_c_compiler_gnu=yes
ac_cv_c_const=yes
ac_cv_c_inline=inline
ac_cv_c_restrict=restrict
ac_cv_c_volatile=yes
ac_cv_env_CCASFLAGS_set=
ac_cv_env_CCASFLAGS_value=
ac_cv_env_CCAS_set=
ac_cv_env_CCAS_value=
ac_cv_env_CC_set=
ac_cv_env_CC_value=
ac_cv_env_CFLAGS_set=
ac_cv_env_CFLAGS_value=
ac_cv_env_CPPFLAGS_set=
ac_cv_env_CPPFLAGS_value=
ac_cv_env_CPP_set=
ac_cv_env_CPP_value=
ac_cv_env_LDFLAGS_set=
ac_cv_env_LDFLAGS_value=
ac_cv_env_LIBS_set=
ac_cv_env_LIBS_value=
ac_cv_env_LT_SYS_LIBRARY_PATH_set=
ac_cv_env_LT_SYS_LIBRARY_PATH_value=
ac_cv_env_XMKMF_set=
ac_cv_env_XMKMF_value=
ac_cv_env_build_alias_set=
ac_cv_env_build_alias_value=
ac_cv_env_host_alias_set=
ac_cv_env_host_alias_value=
ac_cv_env_target_alias_set=
ac_cv_env_target_alias_value=
ac_cv_func_connect=yes
ac_cv_func_ftime=yes
ac_cv_func_gethostbyname=yes
ac_cv_func_gettimeofday=yes
ac_cv_func_remove=yes
ac_cv_func_shmat=yes
ac_cv_have_x='have_x=yes	ac_x_includes='\'''\''	ac_x_libraries='\'''\'''
ac_cv_header_ddraw_h=no
ac_cv_header_dlfcn_h=yes
ac_cv_header_inttypes_h=yes
ac_cv_header_io_h=no
ac_cv_header_stdint_h=yes
ac_cv_header_stdio_h=yes
ac_cv_header_stdlib_h=yes
ac_cv_header_string_h=yes
ac_cv_header_strings_h=yes
ac_cv_header_sys_stat_h=yes
ac_cv_header_sys_time_h=yes
ac_cv_header_sys_timeb_h=yes
ac_cv_header_sys_types_h=yes
ac_cv_header_time_h=yes
ac_cv_header_unistd_h=yes
ac_cv_host=x86_64-pc-linux-gnu
ac_cv_lib_ICE_IceConnectionNumber=yes
ac_cv_lib_Xext_XShmCreateImage=yes
ac_cv_lib_Xv_XvShmCreateImage=yes
ac_cv_objext=o
ac_cv_path_EGREP='/usr/bin/grep -E'
ac_cv_path_FGREP='/usr/bin/grep -F'
ac_cv_path_GREP=/usr/bin/grep
ac_cv_path_SED=/usr/bin/sed
ac_cv_path_install='/usr/bin/install -c'
ac_cv_path_lt_DD=/usr/bin/dd
ac_cv_path_mkdir=/usr/bin/mkdir
ac_cv_prog_AWK=gawk
ac_cv_prog_CPP='gcc -E'
ac_cv_prog_ac_ct_AR=ar
ac_cv_prog_ac_ct_CC=gcc
ac_cv_prog_ac_ct_DLLTOOL=dlltool
ac_cv_prog_ac_ct_FILECMD=file
ac_cv_prog_ac_ct_OBJDUMP=objdump
ac_cv_prog_ac_ct_RANLIB=ranlib
ac_cv_prog_ac_ct_STRIP=strip
ac_cv_prog_cc_c11=
ac_cv_prog_cc_g=yes
ac_cv_prog_cc_stdc=
ac_cv_prog_gcc_traditional=no
ac_cv_prog_make_make_set=yes
ac_cv_sys_file_offset_bits=no
ac_cv_sys_largefile_CC=no
ac_cv_try_cflags_ok=yes
ac_cv_type_signal=void
ac_cv_type_size_t=yes
ac_cv_type_struct_timeval=yes
am_cv_CCAS_dependencies_compiler_type=gcc3
am_cv_CC_dependencies_compiler_type=gcc3
am_cv_make_support_nested_variables=yes
am_cv_prog_cc_c_o=yes
lt_cv_ar_at_file=@
lt_cv_archive_cmds_need_lc=no
lt_cv_deplibs_check_method=pass_all
lt_cv_file_magic_cmd='$MAGIC_CMD'
lt_cv_file_magic_test_file=
lt_cv_ld_reload_flag=-r
lt_cv_nm_interface='BSD nm'
lt_cv_objdir=.libs
lt_cv_path_LD=/usr/bin/ld
lt_cv_path_NM='/usr/bin/nm -B'
lt_cv_path_mainfest_tool=no
lt_cv_prog_compiler_c_o=yes
lt_cv_prog_compiler_pic='-fPIC -DPIC'
lt_cv_prog_compiler_pic_works=yes
lt_cv_prog_compiler_rtti_exceptions=no
lt_cv_prog_compiler_static_works=yes
lt_cv_prog_gnu_ld=yes
lt_cv_sharedlib_from_linklib_cmd='printf %s\n'
lt_cv_shlibpath_overrides_runpath=no
lt_cv_sys_global_symbol_pipe='/usr/bin/sed -n -e '\''s/^.*[	 ]\([ABCDGIRSTW][ABCDGIRSTW]*\)[	 ][	 ]*\([_A-Za-z][_A-Za-z0-9]*\)$/\1 \2 \2/p'\'' | /usr/bin/sed '\''/ __gnu_lto/d'\'''
lt_cv_sys_global_symbol_to_c_name_address='/usr/bin/sed -n -e '\''s/^: \(.*\) .*$/  {"\1", (void *) 0},/p'\'' -e '\''s/^[ABCDGIRSTW][ABCDGIRSTW]* .* \(.*\)$/  {"\1", (void *) \&\1},/p'\'''
lt_cv_sys_global_symbol_to_c_name_address_lib_prefix='/usr/bin/sed -n -e '\''s/^: \(.*\) .*$/  {"\1", (void *) 0},/p'\'' -e '\''s/^[ABCDGIRSTW][ABCDGIRSTW]* .* \(lib.*\)$/  {"\1", (void *) \&\1},/p'\'' -e '\''s/^[ABCDGIRSTW][ABCDGIRSTW]* .* \(.*\)$/  {"lib\1", (void *) \&\1},/p'\'''
lt_cv_sys_global_symbol_to_cdecl='/usr/bin/sed -n -e '\''s/^T .* \(.*\)$/extern int \1();/p'\'' -e '\''s/^[ABCDGIRSTW][ABCDGIRSTW]* .* \(.*\)$/extern char \1;/p'\'''
lt_cv_sys_global_symbol_to_import=
lt_cv_sys_max_cmd_len=1572864
lt_cv_to_host_file_cmd=func_convert_file_noop
lt_cv_to_tool_file_cmd=func_convert_file_noop
lt_cv_truncate_bin='/usr/bin/dd bs=4096 count=1'

## ----------------- ##
## Output variables. ##
## ----------------- ##

ACLOCAL='${SHELL} '\''/home/antoinea/Desktop/TVID/video-decompression-and-display/tools/mpeg2dec/.auto/missing'\'' aclocal-1.16'
AMDEPBACKSLASH='\'
AMDEP_FALSE='#'
AMDEP_TRUE=''
AMTAR='$${TAR-tar}'
AM_BACKSLASH='\'
AM_CPPFLAGS='-I$(top_srcdir)/include -I$(top_builddir)/include'
AM_DEFAULT_V='$(AM_DEFAULT_VERBOSITY)'
AM_DEFAULT_VERBOSITY='1'
AM_V='$(V)'
AR='ar'
ARCH_ARM_FALSE=''
ARCH_ARM_TRUE='#'
ARCH_OPT_CFLAGS=''
AS='as'
AUTOCONF='${SHELL} '\''/home/antoinea/Desktop/TVID/video-decompression-and-display/tools/mpeg2dec/.auto/missing'\'' autoconf'
AUTOHEADER='${SHELL} '\''/home/antoinea/Desktop/TVID/video-decompression-and-display/tools/mpeg2dec/.auto/missing'\'' autoheader'
AUTOMAKE='${SHELL} '\''/home/antoinea/Desktop/TVID/video-decompression-and-display/tools/mpeg2dec/.auto/missing'\'' automake-1.16'
AWK='gawk'
CC='gcc'
CCAS='gcc'
CCASDEPMODE='depmode=gcc3'
CCASFLAGS='-g -O2'
CCDEPMODE='depmode=gcc3'
CFLAGS='-g -O2'
CPP='gcc -E'
CPPFLAGS=''
CSCOPE='cscope'
CTAGS='ctags'
CYGPATH_W='echo'
DEFS='-DHAVE_CONFIG_H'
DEPDIR='.deps'
DLLTOOL='dlltool'
DSYMUTIL=''
DUMPBIN=''
ECHO_C=''
ECHO_N='-n'
ECHO_T=''
EGREP='/usr/bin/grep -E'
ETAGS='etags'
EXEEXT=''
FGREP='/usr/bin/grep -F'
FILECMD='file'
GREP='/usr/bin/grep'
INSTALL_DATA='${INSTALL} -m 644'
INSTALL_PROGRAM='${INSTALL}'
INSTALL_SCRIPT='${INSTALL}'
INSTALL_STRIP_PROGRAM='$(install_sh) -c -s'
LD='/usr/bin/ld -m elf_x86_64'
LDFLAGS=''
LIBMPEG2_CFLAGS=''
LIBOBJS=''
LIBS=''
LIBTOOL='$(SHELL) $(top_builddir)/libtool'
LIBVO_CFLAGS=' '
LIBVO_LIBS='  -lSM -lICE   -lXext -lX11 -lXv'
LIPO=''
LN_S='ln -s'
LTLIBOBJS=''
LT_SYS_LIBRARY_PATH=''
MAINT='#'
MAINTAINER_MODE_FALSE=''
MAINTAINER_MODE_TRUE='#'
MAKEINFO='${SHELL} '\''/home/antoinea/Desktop/TVID/video-decompression-and-display/tools/mpeg2dec/.auto/missing'\'' makeinfo'
MANIFEST_TOOL=':'
MKDIR_P='/usr/bin/mkdir -p'
MPEG2DEC_CFLAGS=' -Wall -Wpointer-arith -Wcast-align -Wcast-qual -Wstrict-prototypes -Wshadow -Waggregate-return -Wmissing-prototypes -Wnested-externs -Wsign-compare -g  -O3 -fomit-frame-pointer -fno-common'
NM='/usr/bin/nm -B'
NMEDIT=''
OBJDUMP='objdump'
OBJEXT='o'
OPT_CFLAGS=' -Wall -Wpointer-arith -Wcast-align -Wcast-qual -Wstrict-prototypes -Wshadow -Waggregate-return -Wmissing-prototypes -Wnested-externs -Wsign-compare -g  -O3 -fomit-frame-pointer -fno-common'
OTOOL64=''
OTOOL=''
PACKAGE='libmpeg2'
PACKAGE_BUGREPORT=''
PACKAGE_NAME='libmpeg2'
PACKAGE_STRING='libmpeg2 0.5.1'
PACKAGE_TARNAME='libmpeg2'
PACKAGE_URL=''
PACKAGE_VERSION='0.5.1'
PATH_SEPARATOR=':'
RANLIB='ranlib'
SDLCONFIG=''
SED='/usr/bin/sed'
SET_MAKE=''
SHELL='/bin/sh'
STRIP='strip'
VERSION='0.5.1'
XMKMF=''
X_CFLAGS=''
X_EXTRA_LIBS=''
X_LIBS=''
X_PRE_LIBS=' -lSM -lICE'
ac_ct_AR='ar'
ac_ct_CC='gcc'
ac_ct_DUMPBIN=''
am__EXEEXT_FALSE=''
am__EXEEXT_TRUE='#'
am__fastdepCCAS_FALSE='#'
am__fastdepCCAS_TRUE=''
am__fastdepCC_FALSE='#'
am__fastdepCC_TRUE=''
am__include='include'
am__isrc=''
am__leading_dot='.'
am__nodep='_no'
am__quote=''
am__tar='$${TAR-tar} chof - "$$tardir"'
am__untar='$${TAR-tar} xf -'
bindir='${exec_prefix}/bin'
build='x86_64-pc-linux-gnu'
build_alias=''
build_cpu='x86_64'
build_os='linux-gnu'
build_vendor='pc'
datadir='${datarootdir}'
datarootdir='${prefix}/share'
docdir='${datarootdir}/doc/${PACKAGE_TARNAME}'
dvidir='${docdir}'
exec_prefix='${prefix}'
host='x86_64-pc-linux-gnu'
host_alias=''
host_cpu='x86_64'
host_os='linux-gnu'
host_vendor='pc'
htmldir='${docdir}'
includedir='${prefix}/include'
infodir='${datarootdir}/info'
install_sh='${SHELL} /home/antoinea/Desktop/TVID/video-decompression-and-display/tools/mpeg2dec/.auto/install-sh'
libdir='${exec_prefix}/lib'
libexecdir='${exec_prefix}/libexec'
localedir='${datarootdir}/locale'
localstatedir='${prefix}/var'
mandir='${datarootdir}/man'
mkdir_p='$(MKDIR_P)'
oldincludedir='/usr/include'
pdfdir='${docdir}'
prefix='/usr/local'
program_transform_name='s,x,x,'
psdir='${docdir}'
runstatedir='${localstatedir}/run'
sbindir='${exec_prefix}/sbin'
sharedstatedir='${prefix}/com'
sysconfdir='${prefix}/etc'
target_alias=''

## ----------- ##
## confdefs.h. ##
## ----------- ##

/* confdefs.h */
#define PACKAGE_NAME "libmpeg2"
#define PACKAGE_TARNAME "libmpeg2"
#define PACKAGE_VERSION "0.5.1"
#define PACKAGE_STRING "libmpeg2 0.5.1"
#define PACKAGE_BUGREPORT ""
#define PACKAGE_URL ""
#define PACKAGE "libmpeg2"
#define VERSION "0.5.1"
#define HAVE_STDIO_H 1
#define HAVE_STDLIB_H 1
#define HAVE_STRING_H 1
#define HAVE_INTTYPES_H 1
#define HAVE_STDINT_H 1
#define HAVE_STRINGS_H 1
#define HAVE_SYS_STAT_H 1
#define HAVE_SYS_TYPES_H 1
#define HAVE_UNISTD_H 1
#define HAVE_SYS_TIME_H 1
#define STDC_HEADERS 1
#define HAVE_SYS_TIME_H 1
#define HAVE_TIME_H 1
#define HAVE_SYS_TIMEB_H 1
#define ARCH_X86 /**/
#define HAVE_DLFCN_H 1
#define LT_OBJDIR ".libs/"
#define TIME_WITH_SYS_TIME 1
#define HAVE_STRUCT_TIMEVAL 1
#define inline __attribute__ ((__always_inline__))
#define HAVE_BUILTIN_EXPECT /**/
#define RETSIGTYPE void
#define HAVE_GETTIMEOFDAY 1
#define HAVE_FTIME 1
#define ACCEL_DETECT /**/
#define LIBVO_X11 /**/
#define LIBVO_XV /**/
#define ATTRIBUTE_ALIGNED_MAX 64

configure: exit 0
